{"/home/danilo/Documentos/ProjetosDanilo/news-website-ui/src/App.tsx": {"path":"/home/danilo/Documentos/ProjetosDanilo/news-website-ui/src/App.tsx","all":false,"statementMap":{"0":{"start":{"line":1,"column":0},"end":{"line":1,"column":43}},"1":{"start":{"line":2,"column":0},"end":{"line":2,"column":49}},"2":{"start":{"line":3,"column":0},"end":{"line":3,"column":40}},"3":{"start":{"line":4,"column":0},"end":{"line":4,"column":34}},"4":{"start":{"line":5,"column":0},"end":{"line":5,"column":40}},"5":{"start":{"line":6,"column":0},"end":{"line":6,"column":40}},"6":{"start":{"line":7,"column":0},"end":{"line":7,"column":31}},"7":{"start":{"line":8,"column":0},"end":{"line":8,"column":0}},"8":{"start":{"line":9,"column":0},"end":{"line":9,"column":16}},"9":{"start":{"line":10,"column":0},"end":{"line":10,"column":46}},"10":{"start":{"line":11,"column":0},"end":{"line":11,"column":0}},"11":{"start":{"line":12,"column":0},"end":{"line":12,"column":19}},"12":{"start":{"line":13,"column":0},"end":{"line":13,"column":37}},"13":{"start":{"line":14,"column":0},"end":{"line":14,"column":94}},"14":{"start":{"line":15,"column":0},"end":{"line":15,"column":19}},"15":{"start":{"line":16,"column":0},"end":{"line":16,"column":5}},"16":{"start":{"line":17,"column":0},"end":{"line":17,"column":17}},"17":{"start":{"line":18,"column":0},"end":{"line":18,"column":8}},"18":{"start":{"line":19,"column":0},"end":{"line":19,"column":0}},"19":{"start":{"line":20,"column":0},"end":{"line":20,"column":10}},"20":{"start":{"line":21,"column":0},"end":{"line":21,"column":42}},"21":{"start":{"line":22,"column":0},"end":{"line":22,"column":32}},"22":{"start":{"line":23,"column":0},"end":{"line":23,"column":18}},"23":{"start":{"line":24,"column":0},"end":{"line":24,"column":16}},"24":{"start":{"line":25,"column":0},"end":{"line":25,"column":18}},"25":{"start":{"line":26,"column":0},"end":{"line":26,"column":13}},"26":{"start":{"line":27,"column":0},"end":{"line":27,"column":28}},"27":{"start":{"line":28,"column":0},"end":{"line":28,"column":3}},"28":{"start":{"line":29,"column":0},"end":{"line":29,"column":1}},"29":{"start":{"line":30,"column":0},"end":{"line":30,"column":0}},"30":{"start":{"line":31,"column":0},"end":{"line":31,"column":18}}},"s":{"0":1,"1":1,"2":1,"3":1,"4":1,"5":1,"6":1,"7":1,"8":18,"9":18,"10":18,"11":18,"12":10,"13":10,"14":10,"15":10,"16":10,"17":18,"18":18,"19":18,"20":18,"21":18,"22":18,"23":18,"24":18,"25":18,"26":18,"27":18,"28":18,"29":1,"30":1},"branchMap":{"0":{"type":"branch","line":9,"loc":{"start":{"line":9,"column":0},"end":{"line":29,"column":1}},"locations":[{"start":{"line":9,"column":0},"end":{"line":29,"column":1}}]},"1":{"type":"branch","line":12,"loc":{"start":{"line":12,"column":12},"end":{"line":18,"column":5}},"locations":[{"start":{"line":12,"column":12},"end":{"line":18,"column":5}}]},"2":{"type":"branch","line":13,"loc":{"start":{"line":13,"column":24},"end":{"line":16,"column":5}},"locations":[{"start":{"line":13,"column":24},"end":{"line":16,"column":5}}]}},"b":{"0":[18],"1":[10],"2":[10]},"fnMap":{"0":{"name":"App","decl":{"start":{"line":9,"column":0},"end":{"line":29,"column":1}},"loc":{"start":{"line":9,"column":0},"end":{"line":29,"column":1}},"line":9},"1":{"name":"functionApi","decl":{"start":{"line":13,"column":24},"end":{"line":16,"column":5}},"loc":{"start":{"line":13,"column":24},"end":{"line":16,"column":5}},"line":13}},"f":{"0":18,"1":10}}
,"/home/danilo/Documentos/ProjetosDanilo/news-website-ui/src/components/Footer.tsx": {"path":"/home/danilo/Documentos/ProjetosDanilo/news-website-ui/src/components/Footer.tsx","all":false,"statementMap":{"0":{"start":{"line":1,"column":0},"end":{"line":1,"column":34}},"1":{"start":{"line":2,"column":0},"end":{"line":2,"column":0}},"2":{"start":{"line":3,"column":0},"end":{"line":3,"column":19}},"3":{"start":{"line":4,"column":0},"end":{"line":4,"column":10}},"4":{"start":{"line":5,"column":0},"end":{"line":5,"column":45}},"5":{"start":{"line":6,"column":0},"end":{"line":6,"column":72}},"6":{"start":{"line":7,"column":0},"end":{"line":7,"column":64}},"7":{"start":{"line":8,"column":0},"end":{"line":8,"column":24}},"8":{"start":{"line":9,"column":0},"end":{"line":9,"column":66}},"9":{"start":{"line":10,"column":0},"end":{"line":10,"column":13}},"10":{"start":{"line":11,"column":0},"end":{"line":11,"column":13}},"11":{"start":{"line":12,"column":0},"end":{"line":12,"column":3}},"12":{"start":{"line":13,"column":0},"end":{"line":13,"column":1}},"13":{"start":{"line":14,"column":0},"end":{"line":14,"column":0}},"14":{"start":{"line":15,"column":0},"end":{"line":15,"column":21}}},"s":{"0":1,"1":1,"2":17,"3":17,"4":17,"5":17,"6":17,"7":17,"8":17,"9":17,"10":17,"11":17,"12":17,"13":1,"14":1},"branchMap":{"0":{"type":"branch","line":3,"loc":{"start":{"line":3,"column":0},"end":{"line":13,"column":1}},"locations":[{"start":{"line":3,"column":0},"end":{"line":13,"column":1}}]}},"b":{"0":[17]},"fnMap":{"0":{"name":"Footer","decl":{"start":{"line":3,"column":0},"end":{"line":13,"column":1}},"loc":{"start":{"line":3,"column":0},"end":{"line":13,"column":1}},"line":3}},"f":{"0":17}}
,"/home/danilo/Documentos/ProjetosDanilo/news-website-ui/src/components/NavBar.tsx": {"path":"/home/danilo/Documentos/ProjetosDanilo/news-website-ui/src/components/NavBar.tsx","all":false,"statementMap":{"0":{"start":{"line":1,"column":0},"end":{"line":1,"column":38}},"1":{"start":{"line":2,"column":0},"end":{"line":2,"column":40}},"2":{"start":{"line":3,"column":0},"end":{"line":3,"column":0}},"3":{"start":{"line":4,"column":0},"end":{"line":4,"column":19}},"4":{"start":{"line":5,"column":0},"end":{"line":5,"column":10}},"5":{"start":{"line":6,"column":0},"end":{"line":6,"column":30}},"6":{"start":{"line":7,"column":0},"end":{"line":7,"column":87}},"7":{"start":{"line":8,"column":0},"end":{"line":8,"column":75}},"8":{"start":{"line":9,"column":0},"end":{"line":9,"column":13}},"9":{"start":{"line":10,"column":0},"end":{"line":10,"column":55}},"10":{"start":{"line":11,"column":0},"end":{"line":11,"column":14}},"11":{"start":{"line":12,"column":0},"end":{"line":12,"column":12}},"12":{"start":{"line":13,"column":0},"end":{"line":13,"column":10}},"13":{"start":{"line":14,"column":0},"end":{"line":14,"column":3}},"14":{"start":{"line":15,"column":0},"end":{"line":15,"column":1}},"15":{"start":{"line":16,"column":0},"end":{"line":16,"column":0}},"16":{"start":{"line":17,"column":0},"end":{"line":17,"column":21}}},"s":{"0":1,"1":1,"2":1,"3":17,"4":17,"5":17,"6":17,"7":17,"8":17,"9":17,"10":17,"11":17,"12":17,"13":17,"14":17,"15":1,"16":1},"branchMap":{"0":{"type":"branch","line":4,"loc":{"start":{"line":4,"column":0},"end":{"line":15,"column":1}},"locations":[{"start":{"line":4,"column":0},"end":{"line":15,"column":1}}]}},"b":{"0":[17]},"fnMap":{"0":{"name":"NavBar","decl":{"start":{"line":4,"column":0},"end":{"line":15,"column":1}},"loc":{"start":{"line":4,"column":0},"end":{"line":15,"column":1}},"line":4}},"f":{"0":17}}
,"/home/danilo/Documentos/ProjetosDanilo/news-website-ui/src/components/NewsBotton.tsx": {"path":"/home/danilo/Documentos/ProjetosDanilo/news-website-ui/src/components/NewsBotton.tsx","all":false,"statementMap":{"0":{"start":{"line":1,"column":0},"end":{"line":1,"column":46}},"1":{"start":{"line":2,"column":0},"end":{"line":2,"column":56}},"2":{"start":{"line":3,"column":0},"end":{"line":3,"column":48}},"3":{"start":{"line":4,"column":0},"end":{"line":4,"column":42}},"4":{"start":{"line":5,"column":0},"end":{"line":5,"column":0}},"5":{"start":{"line":6,"column":0},"end":{"line":6,"column":90}},"6":{"start":{"line":7,"column":0},"end":{"line":7,"column":46}},"7":{"start":{"line":8,"column":0},"end":{"line":8,"column":0}},"8":{"start":{"line":9,"column":0},"end":{"line":9,"column":39}},"9":{"start":{"line":10,"column":0},"end":{"line":10,"column":36}},"10":{"start":{"line":11,"column":0},"end":{"line":11,"column":84}},"11":{"start":{"line":12,"column":0},"end":{"line":12,"column":21}},"12":{"start":{"line":13,"column":0},"end":{"line":13,"column":3}},"13":{"start":{"line":14,"column":0},"end":{"line":14,"column":0}},"14":{"start":{"line":15,"column":0},"end":{"line":15,"column":10}},"15":{"start":{"line":16,"column":0},"end":{"line":16,"column":75}},"16":{"start":{"line":17,"column":0},"end":{"line":17,"column":41}},"17":{"start":{"line":18,"column":0},"end":{"line":18,"column":16}},"18":{"start":{"line":19,"column":0},"end":{"line":19,"column":110}},"19":{"start":{"line":20,"column":0},"end":{"line":20,"column":108}},"20":{"start":{"line":21,"column":0},"end":{"line":21,"column":88}},"21":{"start":{"line":22,"column":0},"end":{"line":22,"column":79}},"22":{"start":{"line":23,"column":0},"end":{"line":23,"column":0}},"23":{"start":{"line":24,"column":0},"end":{"line":24,"column":64}},"24":{"start":{"line":25,"column":0},"end":{"line":25,"column":0}},"25":{"start":{"line":26,"column":0},"end":{"line":26,"column":68}},"26":{"start":{"line":27,"column":0},"end":{"line":27,"column":15}},"27":{"start":{"line":28,"column":0},"end":{"line":28,"column":64}},"28":{"start":{"line":29,"column":0},"end":{"line":29,"column":29}},"29":{"start":{"line":30,"column":0},"end":{"line":30,"column":72}},"30":{"start":{"line":31,"column":0},"end":{"line":31,"column":74}},"31":{"start":{"line":32,"column":0},"end":{"line":32,"column":43}},"32":{"start":{"line":33,"column":0},"end":{"line":33,"column":0}},"33":{"start":{"line":34,"column":0},"end":{"line":34,"column":39}},"34":{"start":{"line":35,"column":0},"end":{"line":35,"column":34}},"35":{"start":{"line":36,"column":0},"end":{"line":36,"column":17}},"36":{"start":{"line":37,"column":0},"end":{"line":37,"column":51}},"37":{"start":{"line":38,"column":0},"end":{"line":38,"column":66}},"38":{"start":{"line":39,"column":0},"end":{"line":39,"column":75}},"39":{"start":{"line":40,"column":0},"end":{"line":40,"column":21}},"40":{"start":{"line":41,"column":0},"end":{"line":41,"column":23}},"41":{"start":{"line":42,"column":0},"end":{"line":42,"column":18}},"42":{"start":{"line":43,"column":0},"end":{"line":43,"column":0}},"43":{"start":{"line":44,"column":0},"end":{"line":44,"column":81}},"44":{"start":{"line":45,"column":0},"end":{"line":45,"column":57}},"45":{"start":{"line":46,"column":0},"end":{"line":46,"column":21}},"46":{"start":{"line":47,"column":0},"end":{"line":47,"column":20}},"47":{"start":{"line":48,"column":0},"end":{"line":48,"column":9}},"48":{"start":{"line":49,"column":0},"end":{"line":49,"column":9}},"49":{"start":{"line":50,"column":0},"end":{"line":50,"column":10}},"50":{"start":{"line":51,"column":0},"end":{"line":51,"column":3}},"51":{"start":{"line":52,"column":0},"end":{"line":52,"column":1}},"52":{"start":{"line":53,"column":0},"end":{"line":53,"column":0}},"53":{"start":{"line":54,"column":0},"end":{"line":54,"column":25}}},"s":{"0":1,"1":1,"2":1,"3":1,"4":1,"5":32,"6":32,"7":32,"8":32,"9":51,"10":51,"11":51,"12":51,"13":32,"14":32,"15":32,"16":32,"17":51,"18":51,"19":51,"20":51,"21":51,"22":51,"23":51,"24":51,"25":51,"26":51,"27":51,"28":0,"29":51,"30":51,"31":51,"32":51,"33":51,"34":2,"35":2,"36":51,"37":2,"38":51,"39":51,"40":51,"41":51,"42":51,"43":51,"44":51,"45":51,"46":51,"47":51,"48":51,"49":32,"50":32,"51":32,"52":1,"53":1},"branchMap":{"0":{"type":"branch","line":6,"loc":{"start":{"line":6,"column":0},"end":{"line":52,"column":1}},"locations":[{"start":{"line":6,"column":0},"end":{"line":52,"column":1}}]},"1":{"type":"branch","line":9,"loc":{"start":{"line":9,"column":20},"end":{"line":13,"column":3}},"locations":[{"start":{"line":9,"column":20},"end":{"line":13,"column":3}}]},"2":{"type":"branch","line":17,"loc":{"start":{"line":17,"column":23},"end":{"line":49,"column":9}},"locations":[{"start":{"line":17,"column":23},"end":{"line":49,"column":9}}]},"3":{"type":"branch","line":28,"loc":{"start":{"line":28,"column":63},"end":{"line":30,"column":19}},"locations":[{"start":{"line":28,"column":63},"end":{"line":30,"column":19}}]},"4":{"type":"branch","line":31,"loc":{"start":{"line":31,"column":67},"end":{"line":32,"column":32}},"locations":[{"start":{"line":31,"column":67},"end":{"line":32,"column":32}}]},"5":{"type":"branch","line":37,"loc":{"start":{"line":37,"column":41},"end":{"line":39,"column":25}},"locations":[{"start":{"line":37,"column":41},"end":{"line":39,"column":25}}]},"6":{"type":"branch","line":34,"loc":{"start":{"line":34,"column":32},"end":{"line":36,"column":17}},"locations":[{"start":{"line":34,"column":32},"end":{"line":36,"column":17}}]}},"b":{"0":[32],"1":[51],"2":[51],"3":[0],"4":[0],"5":[2],"6":[2]},"fnMap":{"0":{"name":"NewsBotton","decl":{"start":{"line":6,"column":0},"end":{"line":52,"column":1}},"loc":{"start":{"line":6,"column":0},"end":{"line":52,"column":1}},"line":6},"1":{"name":"imageLink","decl":{"start":{"line":9,"column":20},"end":{"line":13,"column":3}},"loc":{"start":{"line":9,"column":20},"end":{"line":13,"column":3}},"line":9},"2":{"name":"onClick","decl":{"start":{"line":34,"column":32},"end":{"line":36,"column":17}},"loc":{"start":{"line":34,"column":32},"end":{"line":36,"column":17}},"line":34}},"f":{"0":32,"1":51,"2":2}}
,"/home/danilo/Documentos/ProjetosDanilo/news-website-ui/src/context/ThemeContext.ts": {"path":"/home/danilo/Documentos/ProjetosDanilo/news-website-ui/src/context/ThemeContext.ts","all":false,"statementMap":{"0":{"start":{"line":1,"column":0},"end":{"line":1,"column":39}},"1":{"start":{"line":2,"column":0},"end":{"line":2,"column":36}},"2":{"start":{"line":3,"column":0},"end":{"line":3,"column":0}},"3":{"start":{"line":4,"column":0},"end":{"line":4,"column":63}},"4":{"start":{"line":5,"column":0},"end":{"line":5,"column":0}},"5":{"start":{"line":6,"column":0},"end":{"line":6,"column":28}}},"s":{"0":1,"1":1,"2":1,"3":1,"4":1,"5":1},"branchMap":{},"b":{},"fnMap":{},"f":{}}
,"/home/danilo/Documentos/ProjetosDanilo/news-website-ui/src/hooks/useLocalStorage.ts": {"path":"/home/danilo/Documentos/ProjetosDanilo/news-website-ui/src/hooks/useLocalStorage.ts","all":false,"statementMap":{"0":{"start":{"line":1,"column":0},"end":{"line":1,"column":33}},"1":{"start":{"line":2,"column":0},"end":{"line":2,"column":49}},"2":{"start":{"line":3,"column":0},"end":{"line":3,"column":0}},"3":{"start":{"line":4,"column":0},"end":{"line":4,"column":87}},"4":{"start":{"line":5,"column":0},"end":{"line":5,"column":47}},"5":{"start":{"line":6,"column":0},"end":{"line":6,"column":0}},"6":{"start":{"line":7,"column":0},"end":{"line":7,"column":65}},"7":{"start":{"line":8,"column":0},"end":{"line":8,"column":0}},"8":{"start":{"line":9,"column":0},"end":{"line":9,"column":45}},"9":{"start":{"line":10,"column":0},"end":{"line":10,"column":22}},"10":{"start":{"line":11,"column":0},"end":{"line":11,"column":39}},"11":{"start":{"line":12,"column":0},"end":{"line":12,"column":3}},"12":{"start":{"line":13,"column":0},"end":{"line":13,"column":0}},"13":{"start":{"line":14,"column":0},"end":{"line":14,"column":31}},"14":{"start":{"line":15,"column":0},"end":{"line":15,"column":1}},"15":{"start":{"line":16,"column":0},"end":{"line":16,"column":0}},"16":{"start":{"line":17,"column":0},"end":{"line":17,"column":31}}},"s":{"0":1,"1":1,"2":1,"3":1,"4":32,"5":32,"6":32,"7":32,"8":32,"9":2,"10":2,"11":2,"12":32,"13":32,"14":32,"15":1,"16":1},"branchMap":{"0":{"type":"branch","line":4,"loc":{"start":{"line":4,"column":24},"end":{"line":15,"column":1}},"locations":[{"start":{"line":4,"column":24},"end":{"line":15,"column":1}}]},"1":{"type":"branch","line":7,"loc":{"start":{"line":7,"column":37},"end":{"line":7,"column":65}},"locations":[{"start":{"line":7,"column":37},"end":{"line":7,"column":65}}]},"2":{"type":"branch","line":9,"loc":{"start":{"line":9,"column":22},"end":{"line":12,"column":3}},"locations":[{"start":{"line":9,"column":22},"end":{"line":12,"column":3}}]}},"b":{"0":[32],"1":[27],"2":[2]},"fnMap":{"0":{"name":"useLocalStorage","decl":{"start":{"line":4,"column":24},"end":{"line":15,"column":1}},"loc":{"start":{"line":4,"column":24},"end":{"line":15,"column":1}},"line":4},"1":{"name":"updateValue","decl":{"start":{"line":9,"column":22},"end":{"line":12,"column":3}},"loc":{"start":{"line":9,"column":22},"end":{"line":12,"column":3}},"line":9}},"f":{"0":32,"1":2}}
,"/home/danilo/Documentos/ProjetosDanilo/news-website-ui/src/pages/Home.tsx": {"path":"/home/danilo/Documentos/ProjetosDanilo/news-website-ui/src/pages/Home.tsx","all":false,"statementMap":{"0":{"start":{"line":1,"column":0},"end":{"line":1,"column":56}},"1":{"start":{"line":2,"column":0},"end":{"line":2,"column":51}},"2":{"start":{"line":3,"column":0},"end":{"line":3,"column":50}},"3":{"start":{"line":4,"column":0},"end":{"line":4,"column":32}},"4":{"start":{"line":5,"column":0},"end":{"line":5,"column":55}},"5":{"start":{"line":6,"column":0},"end":{"line":6,"column":0}},"6":{"start":{"line":7,"column":0},"end":{"line":7,"column":17}},"7":{"start":{"line":8,"column":0},"end":{"line":8,"column":84}},"8":{"start":{"line":9,"column":0},"end":{"line":9,"column":0}},"9":{"start":{"line":10,"column":0},"end":{"line":10,"column":53}},"10":{"start":{"line":11,"column":0},"end":{"line":11,"column":48}},"11":{"start":{"line":12,"column":0},"end":{"line":12,"column":58}},"12":{"start":{"line":13,"column":0},"end":{"line":13,"column":79}},"13":{"start":{"line":14,"column":0},"end":{"line":14,"column":0}},"14":{"start":{"line":15,"column":0},"end":{"line":15,"column":47}},"15":{"start":{"line":16,"column":0},"end":{"line":16,"column":0}},"16":{"start":{"line":17,"column":0},"end":{"line":17,"column":19}},"17":{"start":{"line":18,"column":0},"end":{"line":18,"column":23}},"18":{"start":{"line":19,"column":0},"end":{"line":19,"column":39}},"19":{"start":{"line":20,"column":0},"end":{"line":20,"column":31}},"20":{"start":{"line":21,"column":0},"end":{"line":21,"column":5}},"21":{"start":{"line":22,"column":0},"end":{"line":22,"column":20}},"22":{"start":{"line":23,"column":0},"end":{"line":23,"column":0}},"23":{"start":{"line":24,"column":0},"end":{"line":24,"column":44}},"24":{"start":{"line":25,"column":0},"end":{"line":25,"column":60}},"25":{"start":{"line":26,"column":0},"end":{"line":26,"column":82}},"26":{"start":{"line":27,"column":0},"end":{"line":27,"column":40}},"27":{"start":{"line":28,"column":0},"end":{"line":28,"column":37}},"28":{"start":{"line":29,"column":0},"end":{"line":29,"column":51}},"29":{"start":{"line":30,"column":0},"end":{"line":30,"column":12}},"30":{"start":{"line":31,"column":0},"end":{"line":31,"column":80}},"31":{"start":{"line":32,"column":0},"end":{"line":32,"column":37}},"32":{"start":{"line":33,"column":0},"end":{"line":33,"column":48}},"33":{"start":{"line":34,"column":0},"end":{"line":34,"column":5}},"34":{"start":{"line":35,"column":0},"end":{"line":35,"column":3}},"35":{"start":{"line":36,"column":0},"end":{"line":36,"column":0}},"36":{"start":{"line":37,"column":0},"end":{"line":37,"column":51}},"37":{"start":{"line":38,"column":0},"end":{"line":38,"column":22}},"38":{"start":{"line":39,"column":0},"end":{"line":39,"column":0}},"39":{"start":{"line":40,"column":0},"end":{"line":40,"column":21}},"40":{"start":{"line":41,"column":0},"end":{"line":41,"column":19}},"41":{"start":{"line":42,"column":0},"end":{"line":42,"column":43}},"42":{"start":{"line":43,"column":0},"end":{"line":43,"column":35}},"43":{"start":{"line":44,"column":0},"end":{"line":44,"column":16}},"44":{"start":{"line":45,"column":0},"end":{"line":45,"column":0}},"45":{"start":{"line":46,"column":0},"end":{"line":46,"column":23}},"46":{"start":{"line":47,"column":0},"end":{"line":47,"column":85}},"47":{"start":{"line":48,"column":0},"end":{"line":48,"column":29}},"48":{"start":{"line":49,"column":0},"end":{"line":49,"column":16}},"49":{"start":{"line":50,"column":0},"end":{"line":50,"column":0}},"50":{"start":{"line":51,"column":0},"end":{"line":51,"column":20}},"51":{"start":{"line":52,"column":0},"end":{"line":52,"column":85}},"52":{"start":{"line":53,"column":0},"end":{"line":53,"column":29}},"53":{"start":{"line":54,"column":0},"end":{"line":54,"column":16}},"54":{"start":{"line":55,"column":0},"end":{"line":55,"column":0}},"55":{"start":{"line":56,"column":0},"end":{"line":56,"column":25}},"56":{"start":{"line":57,"column":0},"end":{"line":57,"column":38}},"57":{"start":{"line":58,"column":0},"end":{"line":58,"column":31}},"58":{"start":{"line":59,"column":0},"end":{"line":59,"column":16}},"59":{"start":{"line":60,"column":0},"end":{"line":60,"column":0}},"60":{"start":{"line":61,"column":0},"end":{"line":61,"column":16}},"61":{"start":{"line":62,"column":0},"end":{"line":62,"column":16}},"62":{"start":{"line":63,"column":0},"end":{"line":63,"column":7}},"63":{"start":{"line":64,"column":0},"end":{"line":64,"column":5}},"64":{"start":{"line":65,"column":0},"end":{"line":65,"column":3}},"65":{"start":{"line":66,"column":0},"end":{"line":66,"column":0}},"66":{"start":{"line":67,"column":0},"end":{"line":67,"column":10}},"67":{"start":{"line":68,"column":0},"end":{"line":68,"column":49}},"68":{"start":{"line":69,"column":0},"end":{"line":69,"column":69}},"69":{"start":{"line":70,"column":0},"end":{"line":70,"column":32}},"70":{"start":{"line":71,"column":0},"end":{"line":71,"column":147}},"71":{"start":{"line":72,"column":0},"end":{"line":72,"column":87}},"72":{"start":{"line":73,"column":0},"end":{"line":73,"column":85}},"73":{"start":{"line":74,"column":0},"end":{"line":74,"column":82}},"74":{"start":{"line":75,"column":0},"end":{"line":75,"column":89}},"75":{"start":{"line":76,"column":0},"end":{"line":76,"column":14}},"76":{"start":{"line":77,"column":0},"end":{"line":77,"column":12}},"77":{"start":{"line":78,"column":0},"end":{"line":78,"column":6}},"78":{"start":{"line":79,"column":0},"end":{"line":79,"column":138}},"79":{"start":{"line":80,"column":0},"end":{"line":80,"column":0}},"80":{"start":{"line":81,"column":0},"end":{"line":81,"column":193}},"81":{"start":{"line":82,"column":0},"end":{"line":82,"column":11}},"82":{"start":{"line":83,"column":0},"end":{"line":83,"column":3}},"83":{"start":{"line":84,"column":0},"end":{"line":84,"column":1}},"84":{"start":{"line":85,"column":0},"end":{"line":85,"column":0}},"85":{"start":{"line":86,"column":0},"end":{"line":86,"column":19}}},"s":{"0":1,"1":1,"2":1,"3":1,"4":1,"5":1,"6":32,"7":32,"8":32,"9":32,"10":32,"11":32,"12":32,"13":32,"14":32,"15":32,"16":32,"17":17,"18":7,"19":7,"20":7,"21":32,"22":32,"23":32,"24":2,"25":1,"26":1,"27":1,"28":1,"29":1,"30":1,"31":1,"32":1,"33":1,"34":2,"35":32,"36":32,"37":6,"38":6,"39":6,"40":6,"41":0,"42":0,"43":0,"44":6,"45":6,"46":2,"47":2,"48":2,"49":6,"50":6,"51":2,"52":2,"53":2,"54":6,"55":6,"56":2,"57":2,"58":2,"59":6,"60":6,"61":0,"62":6,"63":6,"64":6,"65":32,"66":32,"67":32,"68":32,"69":32,"70":32,"71":32,"72":32,"73":32,"74":32,"75":32,"76":32,"77":32,"78":32,"79":32,"80":32,"81":32,"82":32,"83":32,"84":1,"85":1},"branchMap":{"0":{"type":"branch","line":7,"loc":{"start":{"line":7,"column":0},"end":{"line":84,"column":1}},"locations":[{"start":{"line":7,"column":0},"end":{"line":84,"column":1}}]},"1":{"type":"branch","line":17,"loc":{"start":{"line":17,"column":12},"end":{"line":22,"column":5}},"locations":[{"start":{"line":17,"column":12},"end":{"line":22,"column":5}}]},"2":{"type":"branch","line":18,"loc":{"start":{"line":18,"column":22},"end":{"line":21,"column":5}},"locations":[{"start":{"line":18,"column":22},"end":{"line":21,"column":5}}]},"3":{"type":"branch","line":24,"loc":{"start":{"line":24,"column":23},"end":{"line":35,"column":3}},"locations":[{"start":{"line":24,"column":23},"end":{"line":35,"column":3}}]},"4":{"type":"branch","line":25,"loc":{"start":{"line":25,"column":59},"end":{"line":34,"column":5}},"locations":[{"start":{"line":25,"column":59},"end":{"line":34,"column":5}}]},"5":{"type":"branch","line":25,"loc":{"start":{"line":25,"column":27},"end":{"line":25,"column":55}},"locations":[{"start":{"line":25,"column":27},"end":{"line":25,"column":55}}]},"6":{"type":"branch","line":26,"loc":{"start":{"line":26,"column":52},"end":{"line":26,"column":81}},"locations":[{"start":{"line":26,"column":52},"end":{"line":26,"column":81}}]},"7":{"type":"branch","line":37,"loc":{"start":{"line":37,"column":32},"end":{"line":65,"column":3}},"locations":[{"start":{"line":37,"column":32},"end":{"line":65,"column":3}}]},"8":{"type":"branch","line":41,"loc":{"start":{"line":41,"column":8},"end":{"line":44,"column":16}},"locations":[{"start":{"line":41,"column":8},"end":{"line":44,"column":16}}]},"9":{"type":"branch","line":46,"loc":{"start":{"line":46,"column":8},"end":{"line":49,"column":16}},"locations":[{"start":{"line":46,"column":8},"end":{"line":49,"column":16}}]},"10":{"type":"branch","line":51,"loc":{"start":{"line":51,"column":8},"end":{"line":54,"column":16}},"locations":[{"start":{"line":51,"column":8},"end":{"line":54,"column":16}}]},"11":{"type":"branch","line":56,"loc":{"start":{"line":56,"column":8},"end":{"line":59,"column":16}},"locations":[{"start":{"line":56,"column":8},"end":{"line":59,"column":16}}]},"12":{"type":"branch","line":61,"loc":{"start":{"line":61,"column":8},"end":{"line":62,"column":16}},"locations":[{"start":{"line":61,"column":8},"end":{"line":62,"column":16}}]},"13":{"type":"branch","line":47,"loc":{"start":{"line":47,"column":50},"end":{"line":47,"column":85}},"locations":[{"start":{"line":47,"column":50},"end":{"line":47,"column":85}}]},"14":{"type":"branch","line":52,"loc":{"start":{"line":52,"column":50},"end":{"line":52,"column":85}},"locations":[{"start":{"line":52,"column":50},"end":{"line":52,"column":85}}]},"15":{"type":"branch","line":73,"loc":{"start":{"line":73,"column":28},"end":{"line":73,"column":69}},"locations":[{"start":{"line":73,"column":28},"end":{"line":73,"column":69}}]},"16":{"type":"branch","line":74,"loc":{"start":{"line":74,"column":28},"end":{"line":74,"column":66}},"locations":[{"start":{"line":74,"column":28},"end":{"line":74,"column":66}}]},"17":{"type":"branch","line":75,"loc":{"start":{"line":75,"column":28},"end":{"line":75,"column":71}},"locations":[{"start":{"line":75,"column":28},"end":{"line":75,"column":71}}]}},"b":{"0":[32],"1":[17],"2":[7],"3":[2],"4":[1],"5":[1],"6":[1],"7":[6],"8":[0],"9":[2],"10":[2],"11":[2],"12":[0],"13":[10],"14":[10],"15":[2],"16":[2],"17":[2]},"fnMap":{"0":{"name":"Home","decl":{"start":{"line":7,"column":0},"end":{"line":84,"column":1}},"loc":{"start":{"line":7,"column":0},"end":{"line":84,"column":1}},"line":7},"1":{"name":"setFavorites","decl":{"start":{"line":24,"column":23},"end":{"line":35,"column":3}},"loc":{"start":{"line":24,"column":23},"end":{"line":35,"column":3}},"line":24},"2":{"name":"handleClickNewsToPass","decl":{"start":{"line":37,"column":32},"end":{"line":65,"column":3}},"loc":{"start":{"line":37,"column":32},"end":{"line":65,"column":3}},"line":37},"3":{"name":"onClick","decl":{"start":{"line":72,"column":28},"end":{"line":72,"column":65}},"loc":{"start":{"line":72,"column":28},"end":{"line":72,"column":65}},"line":72},"4":{"name":"onClick","decl":{"start":{"line":73,"column":28},"end":{"line":73,"column":69}},"loc":{"start":{"line":73,"column":28},"end":{"line":73,"column":69}},"line":73},"5":{"name":"onClick","decl":{"start":{"line":74,"column":28},"end":{"line":74,"column":66}},"loc":{"start":{"line":74,"column":28},"end":{"line":74,"column":66}},"line":74},"6":{"name":"onClick","decl":{"start":{"line":75,"column":28},"end":{"line":75,"column":71}},"loc":{"start":{"line":75,"column":28},"end":{"line":75,"column":71}},"line":75},"7":{"name":"onClick","decl":{"start":{"line":81,"column":142},"end":{"line":81,"column":171}},"loc":{"start":{"line":81,"column":142},"end":{"line":81,"column":171}},"line":81}},"f":{"0":32,"1":2,"2":6,"3":0,"4":2,"5":2,"6":2,"7":0}}
,"/home/danilo/Documentos/ProjetosDanilo/news-website-ui/src/test/helpers/newsApi.ts": {"path":"/home/danilo/Documentos/ProjetosDanilo/news-website-ui/src/test/helpers/newsApi.ts","all":false,"statementMap":{"0":{"start":{"line":1,"column":0},"end":{"line":1,"column":17}},"1":{"start":{"line":2,"column":0},"end":{"line":2,"column":10}},"2":{"start":{"line":3,"column":0},"end":{"line":3,"column":5}},"3":{"start":{"line":4,"column":0},"end":{"line":4,"column":16}},"4":{"start":{"line":5,"column":0},"end":{"line":5,"column":22}},"5":{"start":{"line":6,"column":0},"end":{"line":6,"column":53}},"6":{"start":{"line":7,"column":0},"end":{"line":7,"column":272}},"7":{"start":{"line":8,"column":0},"end":{"line":8,"column":45}},"8":{"start":{"line":9,"column":0},"end":{"line":9,"column":23}},"9":{"start":{"line":10,"column":0},"end":{"line":10,"column":84}},"10":{"start":{"line":11,"column":0},"end":{"line":11,"column":30}},"11":{"start":{"line":12,"column":0},"end":{"line":12,"column":333}},"12":{"start":{"line":13,"column":0},"end":{"line":13,"column":36}},"13":{"start":{"line":14,"column":0},"end":{"line":14,"column":21}},"14":{"start":{"line":15,"column":0},"end":{"line":15,"column":156}},"15":{"start":{"line":16,"column":0},"end":{"line":16,"column":6}},"16":{"start":{"line":17,"column":0},"end":{"line":17,"column":5}},"17":{"start":{"line":18,"column":0},"end":{"line":18,"column":16}},"18":{"start":{"line":19,"column":0},"end":{"line":19,"column":22}},"19":{"start":{"line":20,"column":0},"end":{"line":20,"column":57}},"20":{"start":{"line":21,"column":0},"end":{"line":21,"column":278}},"21":{"start":{"line":22,"column":0},"end":{"line":22,"column":45}},"22":{"start":{"line":23,"column":0},"end":{"line":23,"column":23}},"23":{"start":{"line":24,"column":0},"end":{"line":24,"column":84}},"24":{"start":{"line":25,"column":0},"end":{"line":25,"column":30}},"25":{"start":{"line":26,"column":0},"end":{"line":26,"column":333}},"26":{"start":{"line":27,"column":0},"end":{"line":27,"column":36}},"27":{"start":{"line":28,"column":0},"end":{"line":28,"column":21}},"28":{"start":{"line":29,"column":0},"end":{"line":29,"column":160}},"29":{"start":{"line":30,"column":0},"end":{"line":30,"column":6}},"30":{"start":{"line":31,"column":0},"end":{"line":31,"column":5}},"31":{"start":{"line":32,"column":0},"end":{"line":32,"column":16}},"32":{"start":{"line":33,"column":0},"end":{"line":33,"column":22}},"33":{"start":{"line":34,"column":0},"end":{"line":34,"column":93}},"34":{"start":{"line":35,"column":0},"end":{"line":35,"column":272}},"35":{"start":{"line":36,"column":0},"end":{"line":36,"column":45}},"36":{"start":{"line":37,"column":0},"end":{"line":37,"column":20}},"37":{"start":{"line":38,"column":0},"end":{"line":38,"column":19}},"38":{"start":{"line":39,"column":0},"end":{"line":39,"column":24}},"39":{"start":{"line":40,"column":0},"end":{"line":40,"column":344}},"40":{"start":{"line":41,"column":0},"end":{"line":41,"column":34}},"41":{"start":{"line":42,"column":0},"end":{"line":42,"column":23}},"42":{"start":{"line":43,"column":0},"end":{"line":43,"column":191}},"43":{"start":{"line":44,"column":0},"end":{"line":44,"column":6}},"44":{"start":{"line":45,"column":0},"end":{"line":45,"column":5}},"45":{"start":{"line":46,"column":0},"end":{"line":46,"column":16}},"46":{"start":{"line":47,"column":0},"end":{"line":47,"column":22}},"47":{"start":{"line":48,"column":0},"end":{"line":48,"column":93}},"48":{"start":{"line":49,"column":0},"end":{"line":49,"column":277}},"49":{"start":{"line":50,"column":0},"end":{"line":50,"column":45}},"50":{"start":{"line":51,"column":0},"end":{"line":51,"column":20}},"51":{"start":{"line":52,"column":0},"end":{"line":52,"column":19}},"52":{"start":{"line":53,"column":0},"end":{"line":53,"column":24}},"53":{"start":{"line":54,"column":0},"end":{"line":54,"column":348}},"54":{"start":{"line":55,"column":0},"end":{"line":55,"column":34}},"55":{"start":{"line":56,"column":0},"end":{"line":56,"column":23}},"56":{"start":{"line":57,"column":0},"end":{"line":57,"column":188}},"57":{"start":{"line":58,"column":0},"end":{"line":58,"column":6}},"58":{"start":{"line":59,"column":0},"end":{"line":59,"column":5}},"59":{"start":{"line":60,"column":0},"end":{"line":60,"column":16}},"60":{"start":{"line":61,"column":0},"end":{"line":61,"column":22}},"61":{"start":{"line":62,"column":0},"end":{"line":62,"column":80}},"62":{"start":{"line":63,"column":0},"end":{"line":63,"column":276}},"63":{"start":{"line":64,"column":0},"end":{"line":64,"column":45}},"64":{"start":{"line":65,"column":0},"end":{"line":65,"column":23}},"65":{"start":{"line":66,"column":0},"end":{"line":66,"column":103}},"66":{"start":{"line":67,"column":0},"end":{"line":67,"column":30}},"67":{"start":{"line":68,"column":0},"end":{"line":68,"column":357}},"68":{"start":{"line":69,"column":0},"end":{"line":69,"column":36}},"69":{"start":{"line":70,"column":0},"end":{"line":70,"column":21}},"70":{"start":{"line":71,"column":0},"end":{"line":71,"column":183}},"71":{"start":{"line":72,"column":0},"end":{"line":72,"column":5}},"72":{"start":{"line":73,"column":0},"end":{"line":73,"column":4}},"73":{"start":{"line":74,"column":0},"end":{"line":74,"column":2}},"74":{"start":{"line":75,"column":0},"end":{"line":75,"column":0}},"75":{"start":{"line":76,"column":0},"end":{"line":76,"column":23}}},"s":{"0":1,"1":1,"2":1,"3":1,"4":1,"5":1,"6":1,"7":1,"8":1,"9":1,"10":1,"11":1,"12":1,"13":1,"14":1,"15":1,"16":1,"17":1,"18":1,"19":1,"20":1,"21":1,"22":1,"23":1,"24":1,"25":1,"26":1,"27":1,"28":1,"29":1,"30":1,"31":1,"32":1,"33":1,"34":1,"35":1,"36":1,"37":1,"38":1,"39":1,"40":1,"41":1,"42":1,"43":1,"44":1,"45":1,"46":1,"47":1,"48":1,"49":1,"50":1,"51":1,"52":1,"53":1,"54":1,"55":1,"56":1,"57":1,"58":1,"59":1,"60":1,"61":1,"62":1,"63":1,"64":1,"65":1,"66":1,"67":1,"68":1,"69":1,"70":1,"71":1,"72":1,"73":1,"74":1,"75":1},"branchMap":{},"b":{},"fnMap":{},"f":{}}
,"/home/danilo/Documentos/ProjetosDanilo/news-website-ui/src/utils/utils.ts": {"path":"/home/danilo/Documentos/ProjetosDanilo/news-website-ui/src/utils/utils.ts","all":false,"statementMap":{"0":{"start":{"line":1,"column":0},"end":{"line":1,"column":48}},"1":{"start":{"line":2,"column":0},"end":{"line":2,"column":36}},"2":{"start":{"line":3,"column":0},"end":{"line":3,"column":31}},"3":{"start":{"line":4,"column":0},"end":{"line":4,"column":22}},"4":{"start":{"line":5,"column":0},"end":{"line":5,"column":0}},"5":{"start":{"line":6,"column":0},"end":{"line":6,"column":14}},"6":{"start":{"line":7,"column":0},"end":{"line":7,"column":1}},"7":{"start":{"line":8,"column":0},"end":{"line":8,"column":0}},"8":{"start":{"line":9,"column":0},"end":{"line":9,"column":68}},"9":{"start":{"line":10,"column":0},"end":{"line":10,"column":26}},"10":{"start":{"line":11,"column":0},"end":{"line":11,"column":64}},"11":{"start":{"line":12,"column":0},"end":{"line":12,"column":95}},"12":{"start":{"line":13,"column":0},"end":{"line":13,"column":0}},"13":{"start":{"line":14,"column":0},"end":{"line":14,"column":114}},"14":{"start":{"line":15,"column":0},"end":{"line":15,"column":0}},"15":{"start":{"line":16,"column":0},"end":{"line":16,"column":60}},"16":{"start":{"line":17,"column":0},"end":{"line":17,"column":2}},"17":{"start":{"line":18,"column":0},"end":{"line":18,"column":1}}},"s":{"0":1,"1":10,"2":10,"3":10,"4":10,"5":10,"6":10,"7":1,"8":1,"9":153,"10":153,"11":153,"12":153,"13":153,"14":153,"15":153,"16":153,"17":153},"branchMap":{"0":{"type":"branch","line":1,"loc":{"start":{"line":1,"column":24},"end":{"line":7,"column":1}},"locations":[{"start":{"line":1,"column":24},"end":{"line":7,"column":1}}]},"1":{"type":"branch","line":4,"loc":{"start":{"line":4,"column":13},"end":{"line":4,"column":22}},"locations":[{"start":{"line":4,"column":13},"end":{"line":4,"column":22}}]},"2":{"type":"branch","line":9,"loc":{"start":{"line":9,"column":38},"end":{"line":18,"column":1}},"locations":[{"start":{"line":9,"column":38},"end":{"line":18,"column":1}}]}},"b":{"0":[10],"1":[0],"2":[153]},"fnMap":{"0":{"name":"fetchURL","decl":{"start":{"line":1,"column":24},"end":{"line":7,"column":1}},"loc":{"start":{"line":1,"column":24},"end":{"line":7,"column":1}},"line":1},"1":{"name":"publicationDayFunction","decl":{"start":{"line":9,"column":38},"end":{"line":18,"column":1}},"loc":{"start":{"line":9,"column":38},"end":{"line":18,"column":1}},"line":9}},"f":{"0":10,"1":153}}
}
